Using pre-set license
Built from '2020.2/release' branch; Version is '2020.2.2f1 (068178b99f32) revision 426360'; Using compiler version '192528614'; Build Type 'Release'
OS: 'Windows 10 Home; OS build 19042.867; Version 2009; 64bit' Language: 'en' Physical Memory: 16326 MB
BatchMode: 1, IsHumanControllingUs: 0, StartBugReporterOnCrash: 0, Is64bit: 1, IsPro: 0

 COMMAND LINE ARGUMENTS:
C:\Program Files\Unity\Hub\Editor\2020.2.2f1\Editor\Unity.exe
-adb2
-batchMode
-noUpm
-name
AssetImportWorker0
-projectPath
C:/Users/Sold Smyth/Documents/GitHub/game615-spring2021/Midterm
-logFile
Logs/AssetImportWorker0.log
-srvPort
64295
Successfully changed project path to: C:/Users/Sold Smyth/Documents/GitHub/game615-spring2021/Midterm
C:/Users/Sold Smyth/Documents/GitHub/game615-spring2021/Midterm
Using Asset Import Pipeline V2.
Refreshing native plugins compatible for Editor in 25.22 ms, found 0 plugins.
Preloading 0 native plugins for Editor in 0.00 ms.
Initialize engine version: 2020.2.2f1 (068178b99f32)
[Subsystems] Discovering subsystems at path C:/Program Files/Unity/Hub/Editor/2020.2.2f1/Editor/Data/Resources/UnitySubsystems
[Subsystems] Discovering subsystems at path C:/Users/Sold Smyth/Documents/GitHub/game615-spring2021/Midterm/Assets
GfxDevice: creating device client; threaded=0
Direct3D:
    Version:  Direct3D 11.0 [level 11.1]
    Renderer: NVIDIA GeForce GTX 1070 (ID=0x1b81)
    Vendor:   
    VRAM:     8088 MB
    Driver:   27.21.14.6079
Initialize mono
Mono path[0] = 'C:/Program Files/Unity/Hub/Editor/2020.2.2f1/Editor/Data/Managed'
Mono path[1] = 'C:/Program Files/Unity/Hub/Editor/2020.2.2f1/Editor/Data/MonoBleedingEdge/lib/mono/unityjit'
Mono config path = 'C:/Program Files/Unity/Hub/Editor/2020.2.2f1/Editor/Data/MonoBleedingEdge/etc'
Using monoOptions --debugger-agent=transport=dt_socket,embedding=1,server=y,suspend=n,address=127.0.0.1:56212
Begin MonoManager ReloadAssembly
Registering precompiled unity dll's ...
Register platform support module: C:/Program Files/Unity/Hub/Editor/2020.2.2f1/Editor/Data/PlaybackEngines/WindowsStandaloneSupport/UnityEditor.WindowsStandalone.Extensions.dll
Registered in 0.002062 seconds.
Native extension for WindowsStandalone target not found
Refreshing native plugins compatible for Editor in 25.17 ms, found 0 plugins.
Preloading 0 native plugins for Editor in 0.00 ms.
Invoked RoslynAnalysisRunner static constructor.
RoslynAnalysisRunner will not be running.
RoslynAnalysisRunner has terminated.
Mono: successfully reloaded assembly
- Completed reload, in  1.370 seconds
Platform modules already initialized, skipping
Registering precompiled user dll's ...
Registered in 0.001064 seconds.
Begin MonoManager ReloadAssembly
Native extension for WindowsStandalone target not found
Refreshing native plugins compatible for Editor in 0.19 ms, found 0 plugins.
Preloading 0 native plugins for Editor in 0.00 ms.
Invoked RoslynAnalysisRunner static constructor.
RoslynAnalysisRunner will not be running.
RoslynAnalysisRunner has terminated.
Mono: successfully reloaded assembly
- Completed reload, in  1.015 seconds
Platform modules already initialized, skipping
========================================================================
Worker process is ready to serve import requests
Launched and connected shader compiler UnityShaderCompiler.exe after 0.07 seconds
Refreshing native plugins compatible for Editor in 0.19 ms, found 0 plugins.
Preloading 0 native plugins for Editor in 0.00 ms.
Unloading 1120 Unused Serialized files (Serialized files now loaded: 0)
System memory in use before: 69.3 MB.
System memory in use after: 69.4 MB.

Unloading 10 unused Assets to reduce memory usage. Loaded Objects now: 1579.
Total: 1.544600 ms (FindLiveObjects: 0.127100 ms CreateObjectMapping: 0.035000 ms MarkObjects: 1.288800 ms  DeleteObjects: 0.093000 ms)

========================================================================
Received Import Request.
  path: Assets/Imports/BatteryPropUnity.prefab
  artifactKey: Guid(135cd266992574d48a670280462c3559) Importer(815301076,1909f56bfc062723c751e8b465ee728b)
Start importing Assets/Imports/BatteryPropUnity.prefab using Guid(135cd266992574d48a670280462c3559) Importer(815301076,1909f56bfc062723c751e8b465ee728b)  -> (artifact id: 'cfc395a1f3cd2aed450f5a4bf01b61d2') in 0.161192 seconds
  Import took 0.164909 seconds .

========================================================================
Received Import Request.
  Time since last request: 0.000219 seconds.
  path: Assets/Imports/BatteryPropUnity.blend
  artifactKey: Guid(59f07855ba25f4649b7a6d8208b121dd) Importer(815301076,1909f56bfc062723c751e8b465ee728b)
Start importing Assets/Imports/BatteryPropUnity.blend using Guid(59f07855ba25f4649b7a6d8208b121dd) Importer(815301076,1909f56bfc062723c751e8b465ee728b)  -> (artifact id: '802226b6d4c032e63c7a32fc22a89dec') in 0.075088 seconds
  Import took 0.077922 seconds .

========================================================================
Received Import Request.
  Time since last request: 4.488010 seconds.
  path: Assets/Current Scripts/Tutorial2Script.cs
  artifactKey: Guid(a649b212676290545b864426e7bc7661) Importer(815301076,1909f56bfc062723c751e8b465ee728b)
Start importing Assets/Current Scripts/Tutorial2Script.cs using Guid(a649b212676290545b864426e7bc7661) Importer(815301076,1909f56bfc062723c751e8b465ee728b)  -> (artifact id: '15695edaf5e5809855d8602c25ec3acf') in 0.016734 seconds
  Import took 0.019943 seconds .

========================================================================
Received Import Request.
  Time since last request: 0.006687 seconds.
  path: Assets/Current Scripts/Tutorial2Script.cs
  artifactKey: Guid(a649b212676290545b864426e7bc7661) Importer(815301076,1909f56bfc062723c751e8b465ee728b)
Start importing Assets/Current Scripts/Tutorial2Script.cs using Guid(a649b212676290545b864426e7bc7661) Importer(815301076,1909f56bfc062723c751e8b465ee728b)  -> (artifact id: '15695edaf5e5809855d8602c25ec3acf') in 0.005204 seconds
  Import took 0.008433 seconds .

========================================================================
Received Prepare
Refreshing native plugins compatible for Editor in 1.33 ms, found 0 plugins.
Preloading 0 native plugins for Editor in 0.00 ms.
Unloading 3 Unused Serialized files (Serialized files now loaded: 0)
System memory in use before: 51.1 MB.
System memory in use after: 51.1 MB.

Unloading 4 unused Assets to reduce memory usage. Loaded Objects now: 1589.
Total: 31.586300 ms (FindLiveObjects: 0.570200 ms CreateObjectMapping: 0.113000 ms MarkObjects: 30.807000 ms  DeleteObjects: 0.094600 ms)

AssetImportWorkerClient::OnTransportError - code=2 error=End of file
